<?xml version="1.0" encoding="UTF-8"?>
<testng-results skipped="0" failed="0" ignored="0" total="1" passed="1">
  <reporter-output>
  </reporter-output>
  <suite name="Suite" duration-ms="17241" started-at="2022-06-22T16:57:25 IST" finished-at="2022-06-22T16:57:42 IST">
    <groups>
      <group name="cucumber">
        <method signature="AbstractTestNGCucumberTests.runScenario(io.cucumber.testng.PickleWrapper,io.cucumber.testng.FeatureWrapper)[pri:0, instance:runner.Runner@50d0686]" name="runScenario" class="io.cucumber.testng.AbstractTestNGCucumberTests"/>
      </group> <!-- cucumber -->
    </groups>
    <test name="Test" duration-ms="17241" started-at="2022-06-22T16:57:25 IST" finished-at="2022-06-22T16:57:42 IST">
      <class name="runner.Runner">
        <test-method status="PASS" signature="setUpClass(org.testng.ITestContext)[pri:0, instance:runner.Runner@50d0686]" name="setUpClass" is-config="true" duration-ms="619" started-at="2022-06-22T16:57:25 IST" finished-at="2022-06-22T16:57:26 IST">
          <params>
            <param index="0">
              <value>
                <![CDATA[org.testng.TestRunner@242a209e]]>
              </value>
            </param>
          </params>
          <reporter-output>
          </reporter-output>
        </test-method> <!-- setUpClass -->
        <test-method status="PASS" signature="runScenario(io.cucumber.testng.PickleWrapper,io.cucumber.testng.FeatureWrapper)[pri:0, instance:runner.Runner@50d0686]" name="runScenario" duration-ms="16273" started-at="2022-06-22T16:57:26 IST" description="Runs Cucumber Scenarios" data-provider="scenarios" finished-at="2022-06-22T16:57:42 IST">
          <params>
            <param index="0">
              <value>
                <![CDATA["security usertable details"]]>
              </value>
            </param>
            <param index="1">
              <value>
                <![CDATA["Optional[feature to test security page functionality]"]]>
              </value>
            </param>
          </params>
          <reporter-output>
          </reporter-output>
        </test-method> <!-- runScenario -->
        <test-method status="PASS" signature="tearDownClass()[pri:0, instance:runner.Runner@50d0686]" name="tearDownClass" is-config="true" duration-ms="279" started-at="2022-06-22T16:57:42 IST" finished-at="2022-06-22T16:57:42 IST">
          <reporter-output>
          </reporter-output>
        </test-method> <!-- tearDownClass -->
      </class> <!-- runner.Runner -->
    </test> <!-- Test -->
  </suite> <!-- Suite -->
</testng-results>
